Arguments: 
  /usr/bin/node /usr/share/yarn/bin/yarn.js add -D eslint eslint-plugin-vue @vue/eslint-config-typescript @typescript-eslint/parser @typescript-eslint/eslint-plugin typescript

PATH: 
  /usr/local/go/bin:/usr/local/sbin:/usr/local/bin:/usr/sbin:/usr/bin:/sbin:/bin:/usr/games:/usr/local/games:/snap/bin:/usr/local/go/bin:/usr/local/go/bin

Yarn version: 
  1.22.5

Node version: 
  15.9.0

Platform: 
  linux x64

Trace: 
  Error: EACCES: permission denied, mkdir '/home/alvitre/Developer/Pessoal/intellect/front/node_modules/tailwindcss/node_modules/chalk'

npm manifest: 
  {
    "name": "front",
    "version": "0.0.0",
    "scripts": {
      "dev": "vite",
      "build": "vue-tsc --noEmit && vite build",
      "serve": "vite preview"
    },
    "dependencies": {
      "axios": "^0.21.1",
      "dayjs": "^1.10.4",
      "vue": "^3.0.5",
      "vue-router": "^4.0.3"
    },
    "devDependencies": {
      "@vitejs/plugin-vue": "^1.2.1",
      "@vue/compiler-sfc": "^3.0.5",
      "autoprefixer": "^10.2.5",
      "postcss": "^8.2.9",
      "tailwindcss": "^2.0.4",
      "typescript": "^4.1.3",
      "vite": "^2.1.5",
      "vue-tsc": "^0.0.15"
    }
  }

yarn manifest: 
  No manifest

Lockfile: 
  # THIS IS AN AUTOGENERATED FILE. DO NOT EDIT THIS FILE DIRECTLY.
  # yarn lockfile v1
  
  
  "@babel/helper-validator-identifier@^7.12.11":
    version "7.12.11"
    resolved "https://registry.yarnpkg.com/@babel/helper-validator-identifier/-/helper-validator-identifier-7.12.11.tgz"
    integrity sha512-np/lG3uARFybkoHokJUmf1QfEvRVCPbmQeUQpKow5cQ3xWrV9i3rUHodKDJPQfTVX61qKi+UdYk8kik84n7XOw==
  
  "@babel/parser@^7.12.0", "@babel/parser@^7.13.9":
    version "7.13.13"
    resolved "https://registry.yarnpkg.com/@babel/parser/-/parser-7.13.13.tgz"
    integrity sha512-OhsyMrqygfk5v8HmWwOzlYjJrtLaFhF34MrfG/Z73DgYCI6ojNUTUp2TYbtnjo8PegeJp12eamsNettCQjKjVw==
  
  "@babel/types@^7.12.0", "@babel/types@^7.13.0":
    version "7.13.14"
    resolved "https://registry.yarnpkg.com/@babel/types/-/types-7.13.14.tgz"
    integrity sha512-A2aa3QTkWoyqsZZFl56MLUsfmh7O0gN41IPvXAE/++8ojpbz12SszD7JEGYVdn4f9Kt4amIei07swF1h4AqmmQ==
    dependencies:
      "@babel/helper-validator-identifier" "^7.12.11"
      lodash "^4.17.19"
      to-fast-properties "^2.0.0"
  
  "@fullhuman/postcss-purgecss@^3.1.3":
    version "3.1.3"
    resolved "https://registry.npmjs.org/@fullhuman/postcss-purgecss/-/postcss-purgecss-3.1.3.tgz"
    integrity sha512-kwOXw8fZ0Lt1QmeOOrd+o4Ibvp4UTEBFQbzvWldjlKv5n+G9sXfIPn1hh63IQIL8K8vbvv1oYMJiIUbuy9bGaA==
    dependencies:
      purgecss "^3.1.3"
  
  "@vitejs/plugin-vue@^1.2.1":
    version "1.2.1"
    resolved "https://registry.yarnpkg.com/@vitejs/plugin-vue/-/plugin-vue-1.2.1.tgz"
    integrity sha512-TG+LbEUNwfFrx1VyN+iq+PsiGd9MT16hUdJY+BnMXj3MrLAF8m3VYUspTDM3aXoh48YDmAkMjG4gWFRg3lbG5A==
  
  "@vue/compiler-core@3.0.10":
    version "3.0.10"
    resolved "https://registry.yarnpkg.com/@vue/compiler-core/-/compiler-core-3.0.10.tgz"
    integrity sha512-rayD+aODgX9CWgWv0cAI+whPLyMmtkWfNGsZpdpsaIloh8mY2hX8+SvE1Nn3755YhGWJ/7oaDEcNpOctGwZbsA==
    dependencies:
      "@babel/parser" "^7.12.0"
      "@babel/types" "^7.12.0"
      "@vue/shared" "3.0.10"
      estree-walker "^2.0.1"
      source-map "^0.6.1"
  
  "@vue/compiler-dom@3.0.10":
    version "3.0.10"
    resolved "https://registry.yarnpkg.com/@vue/compiler-dom/-/compiler-dom-3.0.10.tgz"
    integrity sha512-SzN1li9xAxtqkZimR1AFU2t1N0vzsAJxR/5764xoS0xedwhUU9s8s+Tks2FNMLsXiqdkP2Qd4zAM+9EwTbZmRw==
    dependencies:
      "@vue/compiler-core" "3.0.10"
      "@vue/shared" "3.0.10"
  
  "@vue/compiler-sfc@^3.0.5":
    version "3.0.10"
    resolved "https://registry.yarnpkg.com/@vue/compiler-sfc/-/compiler-sfc-3.0.10.tgz"
    integrity sha512-LLbXHwKMM72aomKsj9AySkLP1xIHREh/3w0nueenKhsWuaKTL1/XUhIPml23+Z+tX55qeJiUIHDeJuFSxfgQfg==
    dependencies:
      "@babel/parser" "^7.13.9"
      "@babel/types" "^7.13.0"
      "@vue/compiler-core" "3.0.10"
      "@vue/compiler-dom" "3.0.10"
      "@vue/compiler-ssr" "3.0.10"
      "@vue/shared" "3.0.10"
      consolidate "^0.16.0"
      estree-walker "^2.0.1"
      hash-sum "^2.0.0"
      lru-cache "^5.1.1"
      magic-string "^0.25.7"
      merge-source-map "^1.1.0"
      postcss "^8.1.10"
      postcss-modules "^4.0.0"
      postcss-selector-parser "^6.0.4"
      source-map "^0.6.1"
  
  "@vue/compiler-ssr@3.0.10":
    version "3.0.10"
    resolved "https://registry.yarnpkg.com/@vue/compiler-ssr/-/compiler-ssr-3.0.10.tgz"
    integrity sha512-skrPSp9pjZG3unqHpUaEaRRpO1yYxbCXRfJ1kZW8PTGAg5g3Y/hrUet5+Q6zCIZwr5j1mSMBSLXMDCjFuyyZLg==
    dependencies:
      "@vue/compiler-dom" "3.0.10"
      "@vue/shared" "3.0.10"
  
  "@vue/reactivity@3.0.10":
    version "3.0.10"
    resolved "https://registry.yarnpkg.com/@vue/reactivity/-/reactivity-3.0.10.tgz"
    integrity sha512-0GOSqlIv/a5wy4r6fAcdaglQ8v2sLYMRUpu49yK8Z2vHccK85Ym3R9C9K3vo6dfBRGbbCVvoKxYtQw49LvE8Ug==
    dependencies:
      "@vue/shared" "3.0.10"
  
  "@vue/runtime-core@3.0.10":
    version "3.0.10"
    resolved "https://registry.yarnpkg.com/@vue/runtime-core/-/runtime-core-3.0.10.tgz"
    integrity sha512-qKhCOwHGff5YEdyClO1gf9Q9xgaPPz/qJ2GyzNZkPb00WcXJ3l+yTgHZWaSywRLs9GD1y9Ff3C0MIowzj95NHA==
    dependencies:
      "@vue/reactivity" "3.0.10"
      "@vue/shared" "3.0.10"
  
  "@vue/runtime-dom@3.0.10":
    version "3.0.10"
    resolved "https://registry.yarnpkg.com/@vue/runtime-dom/-/runtime-dom-3.0.10.tgz"
    integrity sha512-8yRAALc/884UlYWY7hJImecvow1Cngbl2B6n0ThYTms08FVQ3W9tdW0MEvR3JVit06JyQLS1Qvwdn1PwNPPDqg==
    dependencies:
      "@vue/runtime-core" "3.0.10"
      "@vue/shared" "3.0.10"
      csstype "^2.6.8"
  
  "@vue/shared@3.0.10":
    version "3.0.10"
    resolved "https://registry.yarnpkg.com/@vue/shared/-/shared-3.0.10.tgz"
    integrity sha512-p8GJ+bGpEGiEHICwcCH/EtJnkZQllrOfm1J2J+Ep0ydMte25bPnArgrY/h2Tn1LKqqR3LXyQlOSYY6gJgiW2LQ==
  
  acorn-node@^1.6.1:
    version "1.8.2"
    resolved "https://registry.npmjs.org/acorn-node/-/acorn-node-1.8.2.tgz"
    integrity sha512-8mt+fslDufLYntIoPAaIMUe/lrbrehIiwmR3t2k9LljIzoigEPF27eLk2hy8zSGzmR/ogr7zbRKINMo1u0yh5A==
    dependencies:
      acorn "^7.0.0"
      acorn-walk "^7.0.0"
      xtend "^4.0.2"
  
  acorn-walk@^7.0.0:
    version "7.2.0"
    resolved "https://registry.npmjs.org/acorn-walk/-/acorn-walk-7.2.0.tgz"
    integrity sha512-OPdCF6GsMIP+Az+aWfAAOEt2/+iVDKE7oy6lJ098aoe59oAmK76qV6Gw60SbZ8jHuG2wH058GF4pLFbYamYrVA==
  
  acorn@^7.0.0:
    version "7.4.1"
    resolved "https://registry.npmjs.org/acorn/-/acorn-7.4.1.tgz"
    integrity sha512-nQyp0o1/mNdbTO1PO6kHkwSrmgZ0MT/jCCpNiwbUjGoRN4dlBhqJtoQuCnEOKzgTVwg0ZWiCoQy6SxMebQVh8A==
  
  ansi-styles@^3.2.1:
    version "3.2.1"
    resolved "https://registry.npmjs.org/ansi-styles/-/ansi-styles-3.2.1.tgz"
    integrity sha512-VT0ZI6kZRdTh8YyJw3SMbYm/u+NqfsAxEpWO0Pf9sq8/e94WxxOpPKx9FR1FlyCtOVDNOQ+8ntlqFxiRc+r5qA==
    dependencies:
      color-convert "^1.9.0"
  
  ansi-styles@^4.1.0:
    version "4.3.0"
    resolved "https://registry.npmjs.org/ansi-styles/-/ansi-styles-4.3.0.tgz"
    integrity sha512-zbB9rCJAT1rbjiVDb2hqKFHNYLxgtk8NURxZ3IZwD3F6NtxbXZQCnnSi1Lkx+IDohdPlFp222wVALIheZJQSEg==
    dependencies:
      color-convert "^2.0.1"
  
  at-least-node@^1.0.0:
    version "1.0.0"
    resolved "https://registry.npmjs.org/at-least-node/-/at-least-node-1.0.0.tgz"
    integrity sha512-+q/t7Ekv1EDY2l6Gda6LLiX14rU9TV20Wa3ofeQmwPFZbOMo9DXrLbOjFaaclkXKWidIaopwAObQDqwWtGUjqg==
  
  autoprefixer@^10.2.5:
    version "10.2.5"
    resolved "https://registry.npmjs.org/autoprefixer/-/autoprefixer-10.2.5.tgz"
    integrity sha512-7H4AJZXvSsn62SqZyJCP+1AWwOuoYpUfK6ot9vm0e87XD6mT8lDywc9D9OTJPMULyGcvmIxzTAMeG2Cc+YX+fA==
    dependencies:
      browserslist "^4.16.3"
      caniuse-lite "^1.0.30001196"
      colorette "^1.2.2"
      fraction.js "^4.0.13"
      normalize-range "^0.1.2"
      postcss-value-parser "^4.1.0"
  
  axios@^0.21.1:
    version "0.21.1"
    resolved "https://registry.yarnpkg.com/axios/-/axios-0.21.1.tgz#22563481962f4d6bde9a76d516ef0e5d3c09b2b8"
    integrity sha512-dKQiRHxGD9PPRIUNIWvZhPTPpl1rf/OxTYKsqKUDjBwYylTvV7SjSHJb9ratfyzM6wCdLCOYLzs73qpg5c4iGA==
    dependencies:
      follow-redirects "^1.10.0"
  
  balanced-match@^1.0.0:
    version "1.0.0"
    resolved "https://registry.yarnpkg.com/balanced-match/-/balanced-match-1.0.0.tgz"
    integrity sha1-ibTRmasr7kneFk6gK4nORi1xt2c=
  
  big-integer@^1.6.17:
    version "1.6.48"
    resolved "https://registry.yarnpkg.com/big-integer/-/big-integer-1.6.48.tgz"
    integrity sha512-j51egjPa7/i+RdiRuJbPdJ2FIUYYPhvYLjzoYbcMMm62ooO6F94fETG4MTs46zPAF9Brs04OajboA/qTGuz78w==
  
  big.js@^5.2.2:
    version "5.2.2"
    resolved "https://registry.yarnpkg.com/big.js/-/big.js-5.2.2.tgz"
    integrity sha512-vyL2OymJxmarO8gxMr0mhChsO9QGwhynfuu4+MHTAW6czfq9humCB7rKpUjDd9YUiDPU4mzpyupFSvOClAwbmQ==
  
  binary@~0.3.0:
    version "0.3.0"
    resolved "https://registry.yarnpkg.com/binary/-/binary-0.3.0.tgz"
    integrity sha1-n2BVO8XOjDOG87VTz/R0Yq3sqnk=
    dependencies:
      buffers "~0.1.1"
      chainsaw "~0.1.0"
  
  bluebird@^3.7.2:
    version "3.7.2"
    resolved "https://registry.yarnpkg.com/bluebird/-/bluebird-3.7.2.tgz"
    integrity sha512-XpNj6GDQzdfW+r2Wnn7xiSAd7TM3jzkxGXBGTtWKuSXv1xUV+azxAm8jdWZN06QTQk+2N2XB9jRDkvbmQmcRtg==
  
  bluebird@~3.4.1:
    version "3.4.7"
    resolved "https://registry.yarnpkg.com/bluebird/-/bluebird-3.4.7.tgz"
    integrity sha1-9y12C+Cbf3bQjtj66Ysomo0F+rM=
  
  brace-expansion@^1.1.7:
    version "1.1.11"
    resolved "https://registry.yarnpkg.com/brace-expansion/-/brace-expansion-1.1.11.tgz"
    integrity sha512-iCuPHDFgrHX7H2vEI/5xpz07zSHB00TpugqhmYtVmMO6518mCuRMoOYFldEBl0g187ufozdaHgWKcYFb61qGiA==
    dependencies:
      balanced-match "^1.0.0"
      concat-map "0.0.1"
  
  browserslist@^4.16.3:
    version "4.16.3"
    resolved "https://registry.npmjs.org/browserslist/-/browserslist-4.16.3.tgz"
    integrity sha512-vIyhWmIkULaq04Gt93txdh+j02yX/JzlyhLYbV3YQCn/zvES3JnY7TifHHvvr1w5hTDluNKMkV05cs4vy8Q7sw==
    dependencies:
      caniuse-lite "^1.0.30001181"
      colorette "^1.2.1"
      electron-to-chromium "^1.3.649"
      escalade "^3.1.1"
      node-releases "^1.1.70"
  
  buffer-indexof-polyfill@~1.0.0:
    version "1.0.2"
    resolved "https://registry.yarnpkg.com/buffer-indexof-polyfill/-/buffer-indexof-polyfill-1.0.2.tgz"
    integrity sha512-I7wzHwA3t1/lwXQh+A5PbNvJxgfo5r3xulgpYDB5zckTu/Z9oUK9biouBKQUjEqzaz3HnAT6TYoovmE+GqSf7A==
  
  buffers@~0.1.1:
    version "0.1.1"
    resolved "https://registry.yarnpkg.com/buffers/-/buffers-0.1.1.tgz"
    integrity sha1-skV5w77U1tOWru5tmorn9Ugqt7s=
  
  bytes@^3.0.0:
    version "3.1.0"
    resolved "https://registry.npmjs.org/bytes/-/bytes-3.1.0.tgz"
    integrity sha512-zauLjrfCG+xvoyaqLoV8bLVXXNGC4JqlxFCutSDWA6fJrTo2ZuvLYTqZ7aHBLZSMOopbzwv8f+wZcVzfVTI2Dg==
  
  camelcase-css@^2.0.1:
    version "2.0.1"
    resolved "https://registry.npmjs.org/camelcase-css/-/camelcase-css-2.0.1.tgz"
    integrity sha512-QOSvevhslijgYwRx6Rv7zKdMF8lbRmx+uQGx2+vDc+KI/eBnsy9kit5aj23AgGu3pa4t9AgwbnXWqS+iOY+2aA==
  
  caniuse-lite@^1.0.30001181, caniuse-lite@^1.0.30001196:
    version "1.0.30001205"
    resolved "https://registry.npmjs.org/caniuse-lite/-/caniuse-lite-1.0.30001205.tgz"
    integrity sha512-TL1GrS5V6LElbitPazidkBMD9sa448bQDDLrumDqaggmKFcuU2JW1wTOHJPukAcOMtEmLcmDJEzfRrf+GjM0Og==
  
  chainsaw@~0.1.0:
    version "0.1.0"
    resolved "https://registry.yarnpkg.com/chainsaw/-/chainsaw-0.1.0.tgz"
    integrity sha1-XqtQsor+WAdNDVgpE4iCi15fvJg=
    dependencies:
      traverse ">=0.3.0 <0.4"
  
  chalk@^2.4.1:
    version "2.4.2"
    resolved "https://registry.npmjs.org/chalk/-/chalk-2.4.2.tgz"
    integrity sha512-Mti+f9lpJNcwF4tWV8/OrTTtF1gZi+f8FqlyAdouralcFWFQWF2+NgCHShjkCb+IFBLq9buZwE1xckQU4peSuQ==
    dependencies:
      ansi-styles "^3.2.1"
      escape-string-regexp "^1.0.5"
      supports-color "^5.3.0"
  
  chalk@^4.1.0:
    version "4.1.0"
    resolved "https://registry.npmjs.org/chalk/-/chalk-4.1.0.tgz"
    integrity sha512-qwx12AxXe2Q5xQ43Ac//I6v5aXTipYrSESdOgzrN+9XjgEpyjpKuvSGaN4qE93f7TQTlerQQ8S+EQ0EyDoVL1A==
    dependencies:
      ansi-styles "^4.1.0"
      supports-color "^7.1.0"
  
  color-convert@^1.9.0, color-convert@^1.9.1:
    version "1.9.3"
    resolved "https://registry.npmjs.org/color-convert/-/color-convert-1.9.3.tgz"
    integrity sha512-QfAUtd+vFdAtFQcC8CCyYt1fYWxSqAiK2cSD6zDB8N3cpsEBAvRxp9zOGg6G/SHHJYAT88/az/IuDGALsNVbGg==
    dependencies:
      color-name "1.1.3"
  
  color-convert@^2.0.1:
    version "2.0.1"
    resolved "https://registry.npmjs.org/color-convert/-/color-convert-2.0.1.tgz"
    integrity sha512-RRECPsj7iu/xb5oKYcsFHSppFNnsj/52OVTRKb4zP5onXwVF3zVmmToNcOfGC+CRDpfK/U584fMg38ZHCaElKQ==
    dependencies:
      color-name "~1.1.4"
  
  color-name@1.1.3:
    version "1.1.3"
    resolved "https://registry.npmjs.org/color-name/-/color-name-1.1.3.tgz"
    integrity sha1-p9BVi9icQveV3UIyj3QIMcpTvCU=
  
  color-name@^1.0.0, color-name@~1.1.4:
    version "1.1.4"
    resolved "https://registry.npmjs.org/color-name/-/color-name-1.1.4.tgz"
    integrity sha512-dOy+3AuW3a2wNbZHIuMZpTcgjGuLU/uBL/ubcZF9OXbDo8ff4O8yVp5Bf0efS8uEoYo5q4Fx7dY9OgQGXgAsQA==
  
  color-string@^1.5.4:
    version "1.5.5"
    resolved "https://registry.npmjs.org/color-string/-/color-string-1.5.5.tgz"
    integrity sha512-jgIoum0OfQfq9Whcfc2z/VhCNcmQjWbey6qBX0vqt7YICflUmBCh9E9CiQD5GSJ+Uehixm3NUwHVhqUAWRivZg==
    dependencies:
      color-name "^1.0.0"
      simple-swizzle "^0.2.2"
  
  color@^3.1.3:
    version "3.1.3"
    resolved "https://registry.npmjs.org/color/-/color-3.1.3.tgz"
    integrity sha512-xgXAcTHa2HeFCGLE9Xs/R82hujGtu9Jd9x4NW3T34+OMs7VoPsjwzRczKHvTAHeJwWFwX5j15+MgAppE8ztObQ==
    dependencies:
      color-convert "^1.9.1"
      color-string "^1.5.4"
  
  colorette@^1.2.1, colorette@^1.2.2:
    version "1.2.2"
    resolved "https://registry.yarnpkg.com/colorette/-/colorette-1.2.2.tgz"
    integrity sha512-MKGMzyfeuutC/ZJ1cba9NqcNpfeqMUcYmyF1ZFY6/Cn7CNSAKx6a+s48sqLqyAiZuaP2TcqMhoo+dlwFnVxT9w==
  
  commander@^6.0.0:
    version "6.2.1"
    resolved "https://registry.npmjs.org/commander/-/commander-6.2.1.tgz"
    integrity sha512-U7VdrJFnJgo4xjrHpTzu0yrHPGImdsmD95ZlgYSEajAn2JKzDhDTPG9kBTefmObL2w/ngeZnilk+OV9CG3d7UA==
  
  concat-map@0.0.1:
    version "0.0.1"
    resolved "https://registry.yarnpkg.com/concat-map/-/concat-map-0.0.1.tgz"
    integrity sha1-2Klr13/Wjfd5OnMDajug1UBdR3s=
  
  consolidate@^0.16.0:
    version "0.16.0"
    resolved "https://registry.yarnpkg.com/consolidate/-/consolidate-0.16.0.tgz"
    integrity sha512-Nhl1wzCslqXYTJVDyJCu3ODohy9OfBMB5uD2BiBTzd7w+QY0lBzafkR8y8755yMYHAaMD4NuzbAw03/xzfw+eQ==
    dependencies:
      bluebird "^3.7.2"
  
  core-util-is@~1.0.0:
    version "1.0.2"
    resolved "https://registry.yarnpkg.com/core-util-is/-/core-util-is-1.0.2.tgz"
    integrity sha1-tf1UIgqivFq1eqtxQMlAdUUDwac=
  
  css-unit-converter@^1.1.1:
    version "1.1.2"
    resolved "https://registry.npmjs.org/css-unit-converter/-/css-unit-converter-1.1.2.tgz"
    integrity sha512-IiJwMC8rdZE0+xiEZHeru6YoONC4rfPMqGm2W85jMIbkFvv5nFTwJVFHam2eFrN6txmoUYFAFXiv8ICVeTO0MA==
  
  cssesc@^3.0.0:
    version "3.0.0"
    resolved "https://registry.yarnpkg.com/cssesc/-/cssesc-3.0.0.tgz"
    integrity sha512-/Tb/JcjK111nNScGob5MNtsntNM1aCNUDipB/TkwZFhyDrrE47SOx/18wF2bbjgc3ZzCSKW1T5nt5EbFoAz/Vg==
  
  csstype@^2.6.8:
    version "2.6.16"
    resolved "https://registry.yarnpkg.com/csstype/-/csstype-2.6.16.tgz"
    integrity sha512-61FBWoDHp/gRtsoDkq/B1nWrCUG/ok1E3tUrcNbZjsE9Cxd9yzUirjS3+nAATB8U4cTtaQmAHbNndoFz5L6C9Q==
  
  dayjs@^1.10.4:
    version "1.10.4"
    resolved "https://registry.yarnpkg.com/dayjs/-/dayjs-1.10.4.tgz#8e544a9b8683f61783f570980a8a80eaf54ab1e2"
    integrity sha512-RI/Hh4kqRc1UKLOAf/T5zdMMX5DQIlDxwUe3wSyMMnEbGunnpENCdbUgM+dW7kXidZqCttBrmw7BhN4TMddkCw==
  
  defined@^1.0.0:
    version "1.0.0"
    resolved "https://registry.npmjs.org/defined/-/defined-1.0.0.tgz"
    integrity sha1-yY2bzvdWdBiOEQlpFRGZ45sfppM=
  
  detective@^5.2.0:
    version "5.2.0"
    resolved "https://registry.npmjs.org/detective/-/detective-5.2.0.tgz"
    integrity sha512-6SsIx+nUUbuK0EthKjv0zrdnajCCXVYGmbYYiYjFVpzcjwEs/JMDZ8tPRG29J/HhN56t3GJp2cGSWDRjjot8Pg==
    dependencies:
      acorn-node "^1.6.1"
      defined "^1.0.0"
      minimist "^1.1.1"
  
  didyoumean@^1.2.1:
    version "1.2.1"
    resolved "https://registry.npmjs.org/didyoumean/-/didyoumean-1.2.1.tgz"
    integrity sha1-6S7f2tplN9SE1zwBcv0eugxJdv8=
  
  duplexer2@~0.1.4:
    version "0.1.4"
    resolved "https://registry.yarnpkg.com/duplexer2/-/duplexer2-0.1.4.tgz"
    integrity sha1-ixLauHjA1p4+eJEFFmKjL8a93ME=
    dependencies:
      readable-stream "^2.0.2"
  
  electron-to-chromium@^1.3.649:
    version "1.3.704"
    resolved "https://registry.npmjs.org/electron-to-chromium/-/electron-to-chromium-1.3.704.tgz"
    integrity sha512-6cz0jvawlUe4h5AbfQWxPzb+8LzVyswGAWiGc32EJEmfj39HTQyNPkLXirc7+L4x5I6RgRkzua8Ryu5QZqc8cA==
  
  emojis-list@^3.0.0:
    version "3.0.0"
    resolved "https://registry.yarnpkg.com/emojis-list/-/emojis-list-3.0.0.tgz"
    integrity sha512-/kyM18EfinwXZbno9FyUGeFh87KC8HRQBQGildHZbEuRyWFOmv1U10o9BBp8XVZDVNNuQKyIGIu5ZYAAXJ0V2Q==
  
  esbuild@^0.9.3:
    version "0.9.7"
    resolved "https://registry.yarnpkg.com/esbuild/-/esbuild-0.9.7.tgz"
    integrity sha512-VtUf6aQ89VTmMLKrWHYG50uByMF4JQlVysb8dmg6cOgW8JnFCipmz7p+HNBl+RR3LLCuBxFGVauAe2wfnF9bLg==
  
  escalade@^3.1.1:
    version "3.1.1"
    resolved "https://registry.npmjs.org/escalade/-/escalade-3.1.1.tgz"
    integrity sha512-k0er2gUkLf8O0zKJiAhmkTnJlTvINGv7ygDNPbeIsX/TJjGJZHuh9B2UxbsaEkmlEo9MfhrSzmhIlhRlI2GXnw==
  
  escape-string-regexp@^1.0.5:
    version "1.0.5"
    resolved "https://registry.npmjs.org/escape-string-regexp/-/escape-string-regexp-1.0.5.tgz"
    integrity sha1-G2HAViGQqN/2rjuyzwIAyhMLhtQ=
  
  estree-walker@^2.0.1:
    version "2.0.2"
    resolved "https://registry.yarnpkg.com/estree-walker/-/estree-walker-2.0.2.tgz"
    integrity sha512-Rfkk/Mp/DL7JVje3u18FxFujQlTNR2q6QfMSMB7AvCBx91NGj/ba3kCfza0f6dVDbw7YlRf/nDrn7pQrCCyQ/w==
  
  follow-redirects@^1.10.0:
    version "1.13.3"
    resolved "https://registry.yarnpkg.com/follow-redirects/-/follow-redirects-1.13.3.tgz#e5598ad50174c1bc4e872301e82ac2cd97f90267"
    integrity sha512-DUgl6+HDzB0iEptNQEXLx/KhTmDb8tZUHSeLqpnjpknR70H0nC2t9N73BK6fN4hOvJ84pKlIQVQ4k5FFlBedKA==
  
  fraction.js@^4.0.13:
    version "4.0.13"
    resolved "https://registry.npmjs.org/fraction.js/-/fraction.js-4.0.13.tgz"
    integrity sha512-E1fz2Xs9ltlUp+qbiyx9wmt2n9dRzPsS11Jtdb8D2o+cC7wr9xkkKsVKJuBX0ST+LVS+LhLO+SbLJNtfWcJvXA==
  
  fs-extra@^9.1.0:
    version "9.1.0"
    resolved "https://registry.npmjs.org/fs-extra/-/fs-extra-9.1.0.tgz"
    integrity sha512-hcg3ZmepS30/7BSFqRvoo3DOMQu7IjqxO5nCDt+zM9XWjb33Wg7ziNT+Qvqbuc3+gWpzO02JubVyk2G4Zvo1OQ==
    dependencies:
      at-least-node "^1.0.0"
      graceful-fs "^4.2.0"
      jsonfile "^6.0.1"
      universalify "^2.0.0"
  
  fs.realpath@^1.0.0:
    version "1.0.0"
    resolved "https://registry.yarnpkg.com/fs.realpath/-/fs.realpath-1.0.0.tgz"
    integrity sha1-FQStJSMVjKpA20onh8sBQRmU6k8=
  
  fsevents@~2.3.1:
    version "2.3.2"
    resolved "https://registry.yarnpkg.com/fsevents/-/fsevents-2.3.2.tgz#8a526f78b8fdf4623b709e0b975c52c24c02fd1a"
    integrity sha512-xiqMQR4xAeHTuB9uWm+fFRcIOgKBMiOBP+eXiyT7jsgVCq1bkVygt00oASowB7EdtpOHaaPgKt812P9ab+DDKA==
  
  fstream@^1.0.12:
    version "1.0.12"
    resolved "https://registry.yarnpkg.com/fstream/-/fstream-1.0.12.tgz"
    integrity sha512-WvJ193OHa0GHPEL+AycEJgxvBEwyfRkN1vhjca23OaPVMCaLCXTd5qAu82AjTcgP1UJmytkOKb63Ypde7raDIg==
    dependencies:
      graceful-fs "^4.1.2"
      inherits "~2.0.0"
      mkdirp ">=0.5 0"
      rimraf "2"
  
  function-bind@^1.1.1:
    version "1.1.1"
    resolved "https://registry.yarnpkg.com/function-bind/-/function-bind-1.1.1.tgz"
    integrity sha512-yIovAzMX49sF8Yl58fSCWJ5svSLuaibPxXQJFLmBObTuCr0Mf1KiPopGM9NiFjiYBCbfaa2Fh6breQ6ANVTI0A==
  
  generic-names@^2.0.1:
    version "2.0.1"
    resolved "https://registry.yarnpkg.com/generic-names/-/generic-names-2.0.1.tgz"
    integrity sha512-kPCHWa1m9wGG/OwQpeweTwM/PYiQLrUIxXbt/P4Nic3LbGjCP0YwrALHW1uNLKZ0LIMg+RF+XRlj2ekT9ZlZAQ==
    dependencies:
      loader-utils "^1.1.0"
  
  glob@^7.0.0, glob@^7.1.2, glob@^7.1.3:
    version "7.1.6"
    resolved "https://registry.yarnpkg.com/glob/-/glob-7.1.6.tgz"
    integrity sha512-LwaxwyZ72Lk7vZINtNNrywX0ZuLyStrdDtabefZKAY5ZGJhVtgdznluResxNmPitE0SAO+O26sWTHeKSI2wMBA==
    dependencies:
      fs.realpath "^1.0.0"
      inflight "^1.0.4"
      inherits "2"
      minimatch "^3.0.4"
      once "^1.3.0"
      path-is-absolute "^1.0.0"
  
  graceful-fs@^4.1.2, graceful-fs@^4.1.6, graceful-fs@^4.2.0, graceful-fs@^4.2.2:
    version "4.2.6"
    resolved "https://registry.yarnpkg.com/graceful-fs/-/graceful-fs-4.2.6.tgz"
    integrity sha512-nTnJ528pbqxYanhpDYsi4Rd8MAeaBA67+RZ10CM1m3bTAVFEDcd5AuA4a6W5YkGZ1iNXHzZz8T6TBKLeBuNriQ==
  
  has-flag@^3.0.0:
    version "3.0.0"
    resolved "https://registry.npmjs.org/has-flag/-/has-flag-3.0.0.tgz"
    integrity sha1-tdRU3CGZriJWmfNGfloH87lVuv0=
  
  has-flag@^4.0.0:
    version "4.0.0"
    resolved "https://registry.npmjs.org/has-flag/-/has-flag-4.0.0.tgz"
    integrity sha512-EykJT/Q1KjTWctppgIAgfSO0tKVuZUjhgMr17kqTumMl6Afv3EISleU7qZUzoXDFTAHTDC4NOoG/ZxU3EvlMPQ==
  
  has@^1.0.3:
    version "1.0.3"
    resolved "https://registry.yarnpkg.com/has/-/has-1.0.3.tgz"
    integrity sha512-f2dvO0VU6Oej7RkWJGrehjbzMAjFp5/VKPp5tTpWIV4JHHZK1/BxbFRtf/siA2SWTe09caDmVtYYzWEIbBS4zw==
    dependencies:
      function-bind "^1.1.1"
  
  hash-sum@^2.0.0:
    version "2.0.0"
    resolved "https://registry.yarnpkg.com/hash-sum/-/hash-sum-2.0.0.tgz"
    integrity sha512-WdZTbAByD+pHfl/g9QSsBIIwy8IT+EsPiKDs0KNX+zSHhdDLFKdZu0BQHljvO+0QI/BasbMSUa8wYNCZTvhslg==
  
  html-tags@^3.1.0:
    version "3.1.0"
    resolved "https://registry.npmjs.org/html-tags/-/html-tags-3.1.0.tgz"
    integrity sha512-1qYz89hW3lFDEazhjW0yVAV87lw8lVkrJocr72XmBkMKsoSVJCQx3W8BXsC7hO2qAt8BoVjYjtAcZ9perqGnNg==
  
  icss-replace-symbols@^1.1.0:
    version "1.1.0"
    resolved "https://registry.yarnpkg.com/icss-replace-symbols/-/icss-replace-symbols-1.1.0.tgz"
    integrity sha1-Bupvg2ead0njhs/h/oEq5dsiPe0=
  
  icss-utils@^5.0.0:
    version "5.1.0"
    resolved "https://registry.yarnpkg.com/icss-utils/-/icss-utils-5.1.0.tgz"
    integrity sha512-soFhflCVWLfRNOPU3iv5Z9VUdT44xFRbzjLsEzSr5AQmgqPMTHdU3PMT1Cf1ssx8fLNJDA1juftYl+PUcv3MqA==
  
  indexes-of@^1.0.1:
    version "1.0.1"
    resolved "https://registry.yarnpkg.com/indexes-of/-/indexes-of-1.0.1.tgz"
    integrity sha1-8w9xbI4r00bHtn0985FVZqfAVgc=
  
  inflight@^1.0.4:
    version "1.0.6"
    resolved "https://registry.yarnpkg.com/inflight/-/inflight-1.0.6.tgz"
    integrity sha1-Sb1jMdfQLQwJvJEKEHW6gWW1bfk=
    dependencies:
      once "^1.3.0"
      wrappy "1"
  
  inherits@2, inherits@~2.0.0, inherits@~2.0.3:
    version "2.0.4"
    resolved "https://registry.yarnpkg.com/inherits/-/inherits-2.0.4.tgz"
    integrity sha512-k/vGaX4/Yla3WzyMCvTQOXYeIHvqOKtnqBduzTHpzpQZzAskKMhZ2K+EnBiSM9zGSoIFeMpXKxa4dYeZIQqewQ==
  
  is-arrayish@^0.3.1:
    version "0.3.2"
    resolved "https://registry.npmjs.org/is-arrayish/-/is-arrayish-0.3.2.tgz"
    integrity sha512-eVRqCvVlZbuw3GrM63ovNSNAeA1K16kaR/LRY/92w0zxQ5/1YzwblUX652i4Xs9RwAGjW9d9y6X88t8OaAJfWQ==
  
  is-core-module@^2.2.0:
    version "2.2.0"
    resolved "https://registry.yarnpkg.com/is-core-module/-/is-core-module-2.2.0.tgz"
    integrity sha512-XRAfAdyyY5F5cOXn7hYQDqh2Xmii+DEfIcQGxK/uNwMHhIkPWO0g8msXcbzLe+MpGoR951MlqM/2iIlU4vKDdQ==
    dependencies:
      has "^1.0.3"
  
  isarray@~1.0.0:
    version "1.0.0"
    resolved "https://registry.yarnpkg.com/isarray/-/isarray-1.0.0.tgz"
    integrity sha1-u5NdSFgsuhaMBoNJV6VKPgcSTxE=
  
  json5@^1.0.1:
    version "1.0.1"
    resolved "https://registry.yarnpkg.com/json5/-/json5-1.0.1.tgz"
    integrity sha512-aKS4WQjPenRxiQsC93MNfjx+nbF4PAdYzmd/1JIj8HYzqfbu86beTuNgXDzPknWk0n0uARlyewZo4s++ES36Ow==
    dependencies:
      minimist "^1.2.0"
  
  jsonfile@^6.0.1:
    version "6.1.0"
    resolved "https://registry.npmjs.org/jsonfile/-/jsonfile-6.1.0.tgz"
    integrity sha512-5dgndWOriYSm5cnYaJNhalLNDKOqFwyDB/rr1E9ZsGciGvKPs8R2xYGCacuf3z6K1YKDz182fd+fY3cn3pMqXQ==
    dependencies:
      universalify "^2.0.0"
    optionalDependencies:
      graceful-fs "^4.1.6"
  
  listenercount@~1.0.1:
    version "1.0.1"
    resolved "https://registry.yarnpkg.com/listenercount/-/listenercount-1.0.1.tgz"
    integrity sha1-hMinKrWcRyUyFIDJdeZQg0LnCTc=
  
  loader-utils@^1.1.0:
    version "1.4.0"
    resolved "https://registry.yarnpkg.com/loader-utils/-/loader-utils-1.4.0.tgz"
    integrity sha512-qH0WSMBtn/oHuwjy/NucEgbx5dbxxnxup9s4PVXJUDHZBQY+s0NWA9rJf53RBnQZxfch7euUui7hpoAPvALZdA==
    dependencies:
      big.js "^5.2.2"
      emojis-list "^3.0.0"
      json5 "^1.0.1"
  
  lodash.camelcase@^4.3.0:
    version "4.3.0"
    resolved "https://registry.yarnpkg.com/lodash.camelcase/-/lodash.camelcase-4.3.0.tgz"
    integrity sha1-soqmKIorn8ZRA1x3EfZathkDMaY=
  
  lodash.toarray@^4.4.0:
    version "4.4.0"
    resolved "https://registry.npmjs.org/lodash.toarray/-/lodash.toarray-4.4.0.tgz"
    integrity sha1-JMS/zWsvuji/0FlNsRedjptlZWE=
  
  lodash@^4.17.19, lodash@^4.17.21:
    version "4.17.21"
    resolved "https://registry.yarnpkg.com/lodash/-/lodash-4.17.21.tgz"
    integrity sha512-v2kDEe57lecTulaDIuNTPy3Ry4gLGJ6Z1O3vE1krgXZNrsQ+LFTGHVxVjcXPs17LhbZVGedAJv8XZ1tvj5FvSg==
  
  lru-cache@^5.1.1:
    version "5.1.1"
    resolved "https://registry.yarnpkg.com/lru-cache/-/lru-cache-5.1.1.tgz"
    integrity sha512-KpNARQA3Iwv+jTA0utUVVbrh+Jlrr1Fv0e56GGzAFOXN7dk/FviaDW8LHmK52DlcH4WP2n6gI8vN1aesBFgo9w==
    dependencies:
      yallist "^3.0.2"
  
  magic-string@^0.25.7:
    version "0.25.7"
    resolved "https://registry.yarnpkg.com/magic-string/-/magic-string-0.25.7.tgz"
    integrity sha512-4CrMT5DOHTDk4HYDlzmwu4FVCcIYI8gauveasrdCu2IKIFOJ3f0v/8MDGJCDL9oD2ppz/Av1b0Nj345H9M+XIA==
    dependencies:
      sourcemap-codec "^1.4.4"
  
  merge-source-map@^1.1.0:
    version "1.1.0"
    resolved "https://registry.yarnpkg.com/merge-source-map/-/merge-source-map-1.1.0.tgz"
    integrity sha512-Qkcp7P2ygktpMPh2mCQZaf3jhN6D3Z/qVZHSdWvQ+2Ef5HgRAPBO57A77+ENm0CPx2+1Ce/MYKi3ymqdfuqibw==
    dependencies:
      source-map "^0.6.1"
  
  minimatch@^3.0.4:
    version "3.0.4"
    resolved "https://registry.yarnpkg.com/minimatch/-/minimatch-3.0.4.tgz"
    integrity sha512-yJHVQEhyqPLUTgt9B83PXu6W3rx4MvvHvSUvToogpwoGDOUQ+yDrR0HRot+yOCdCO7u4hX3pWft6kWBBcqh0UA==
    dependencies:
      brace-expansion "^1.1.7"
  
  minimist@^1.1.1, minimist@^1.2.0, minimist@^1.2.5:
    version "1.2.5"
    resolved "https://registry.yarnpkg.com/minimist/-/minimist-1.2.5.tgz"
    integrity sha512-FM9nNUYrRBAELZQT3xeZQ7fmMOBg6nWNmJKTcgsJeaLstP/UODVpGsr5OhXhhXg6f+qtJ8uiZ+PUxkDWcgIXLw==
  
  "mkdirp@>=0.5 0":
    version "0.5.5"
    resolved "https://registry.yarnpkg.com/mkdirp/-/mkdirp-0.5.5.tgz"
    integrity sha512-NKmAlESf6jMGym1++R0Ra7wvhV+wFW63FaSOFPwRahvea0gMUcGUhVeAg/0BC0wiv9ih5NYPB1Wn1UEI1/L+xQ==
    dependencies:
      minimist "^1.2.5"
  
  modern-normalize@^1.0.0:
    version "1.0.0"
    resolved "https://registry.npmjs.org/modern-normalize/-/modern-normalize-1.0.0.tgz"
    integrity sha512-1lM+BMLGuDfsdwf3rsgBSrxJwAZHFIrQ8YR61xIqdHo0uNKI9M52wNpHSrliZATJp51On6JD0AfRxd4YGSU0lw==
  
  nanoid@^3.1.22:
    version "3.1.22"
    resolved "https://registry.yarnpkg.com/nanoid/-/nanoid-3.1.22.tgz"
    integrity sha512-/2ZUaJX2ANuLtTvqTlgqBQNJoQO398KyJgZloL0PZkC0dpysjncRUPsFe3DUPzz/y3h+u7C46np8RMuvF3jsSQ==
  
  node-emoji@^1.8.1:
    version "1.10.0"
    resolved "https://registry.npmjs.org/node-emoji/-/node-emoji-1.10.0.tgz"
    integrity sha512-Yt3384If5H6BYGVHiHwTL+99OzJKHhgp82S8/dktEK73T26BazdgZ4JZh92xSVtGNJvz9UbXdNAc5hcrXV42vw==
    dependencies:
      lodash.toarray "^4.4.0"
  
  node-releases@^1.1.70:
    version "1.1.71"
    resolved "https://registry.npmjs.org/node-releases/-/node-releases-1.1.71.tgz"
    integrity sha512-zR6HoT6LrLCRBwukmrVbHv0EpEQjksO6GmFcZQQuCAy139BEsoVKPYnf3jongYW83fAa1torLGYwxxky/p28sg==
  
  normalize-range@^0.1.2:
    version "0.1.2"
    resolved "https://registry.npmjs.org/normalize-range/-/normalize-range-0.1.2.tgz"
    integrity sha1-LRDAa9/TEuqXd2laTShDlFa3WUI=
  
  object-assign@^4.1.1:
    version "4.1.1"
    resolved "https://registry.npmjs.org/object-assign/-/object-assign-4.1.1.tgz"
    integrity sha1-IQmtx5ZYh8/AXLvUQsrIv7s2CGM=
  
  object-hash@^2.1.1:
    version "2.1.1"
    resolved "https://registry.npmjs.org/object-hash/-/object-hash-2.1.1.tgz"
    integrity sha512-VOJmgmS+7wvXf8CjbQmimtCnEx3IAoLxI3fp2fbWehxrWBcAQFbk+vcwb6vzR0VZv/eNCJ/27j151ZTwqW/JeQ==
  
  once@^1.3.0:
    version "1.4.0"
    resolved "https://registry.yarnpkg.com/once/-/once-1.4.0.tgz"
    integrity sha1-WDsap3WWHUsROsF9nFC6753Xa9E=
    dependencies:
      wrappy "1"
  
  path-is-absolute@^1.0.0:
    version "1.0.1"
    resolved "https://registry.yarnpkg.com/path-is-absolute/-/path-is-absolute-1.0.1.tgz"
    integrity sha1-F0uSaHNVNP+8es5r9TpanhtcX18=
  
  path-parse@^1.0.6:
    version "1.0.6"
    resolved "https://registry.yarnpkg.com/path-parse/-/path-parse-1.0.6.tgz"
    integrity sha512-GSmOT2EbHrINBf9SR7CDELwlJ8AENk3Qn7OikK4nFYAu3Ote2+JYNVvkpAEQm3/TLNEJFD/xZJjzyxg3KBWOzw==
  
  postcss-functions@^3:
    version "3.0.0"
    resolved "https://registry.npmjs.org/postcss-functions/-/postcss-functions-3.0.0.tgz"
    integrity sha1-DpTQFERwCkgd4g3k1V+yZAVkJQ4=
    dependencies:
      glob "^7.1.2"
      object-assign "^4.1.1"
      postcss "^6.0.9"
      postcss-value-parser "^3.3.0"
  
  postcss-js@^3.0.3:
    version "3.0.3"
    resolved "https://registry.npmjs.org/postcss-js/-/postcss-js-3.0.3.tgz"
    integrity sha512-gWnoWQXKFw65Hk/mi2+WTQTHdPD5UJdDXZmX073EY/B3BWnYjO4F4t0VneTCnCGQ5E5GsCdMkzPaTXwl3r5dJw==
    dependencies:
      camelcase-css "^2.0.1"
      postcss "^8.1.6"
  
  postcss-modules-extract-imports@^3.0.0:
    version "3.0.0"
    resolved "https://registry.yarnpkg.com/postcss-modules-extract-imports/-/postcss-modules-extract-imports-3.0.0.tgz"
    integrity sha512-bdHleFnP3kZ4NYDhuGlVK+CMrQ/pqUm8bx/oGL93K6gVwiclvX5x0n76fYMKuIGKzlABOy13zsvqjb0f92TEXw==
  
  postcss-modules-local-by-default@^4.0.0:
    version "4.0.0"
    resolved "https://registry.yarnpkg.com/postcss-modules-local-by-default/-/postcss-modules-local-by-default-4.0.0.tgz"
    integrity sha512-sT7ihtmGSF9yhm6ggikHdV0hlziDTX7oFoXtuVWeDd3hHObNkcHRo9V3yg7vCAY7cONyxJC/XXCmmiHHcvX7bQ==
    dependencies:
      icss-utils "^5.0.0"
      postcss-selector-parser "^6.0.2"
      postcss-value-parser "^4.1.0"
  
  postcss-modules-scope@^3.0.0:
    version "3.0.0"
    resolved "https://registry.yarnpkg.com/postcss-modules-scope/-/postcss-modules-scope-3.0.0.tgz"
    integrity sha512-hncihwFA2yPath8oZ15PZqvWGkWf+XUfQgUGamS4LqoP1anQLOsOJw0vr7J7IwLpoY9fatA2qiGUGmuZL0Iqlg==
    dependencies:
      postcss-selector-parser "^6.0.4"
  
  postcss-modules-values@^4.0.0:
    version "4.0.0"
    resolved "https://registry.yarnpkg.com/postcss-modules-values/-/postcss-modules-values-4.0.0.tgz"
    integrity sha512-RDxHkAiEGI78gS2ofyvCsu7iycRv7oqw5xMWn9iMoR0N/7mf9D50ecQqUo5BZ9Zh2vH4bCUR/ktCqbB9m8vJjQ==
    dependencies:
      icss-utils "^5.0.0"
  
  postcss-modules@^4.0.0:
    version "4.0.0"
    resolved "https://registry.yarnpkg.com/postcss-modules/-/postcss-modules-4.0.0.tgz"
    integrity sha512-ghS/ovDzDqARm4Zj6L2ntadjyQMoyJmi0JkLlYtH2QFLrvNlxH5OAVRPWPeKilB0pY7SbuhO173KOWkPAxRJcw==
    dependencies:
      generic-names "^2.0.1"
      icss-replace-symbols "^1.1.0"
      lodash.camelcase "^4.3.0"
      postcss-modules-extract-imports "^3.0.0"
      postcss-modules-local-by-default "^4.0.0"
      postcss-modules-scope "^3.0.0"
      postcss-modules-values "^4.0.0"
      string-hash "^1.1.1"
  
  postcss-nested@^5.0.5:
    version "5.0.5"
    resolved "https://registry.npmjs.org/postcss-nested/-/postcss-nested-5.0.5.tgz"
    integrity sha512-GSRXYz5bccobpTzLQZXOnSOfKl6TwVr5CyAQJUPub4nuRJSOECK5AqurxVgmtxP48p0Kc/ndY/YyS1yqldX0Ew==
    dependencies:
      postcss-selector-parser "^6.0.4"
  
  postcss-selector-parser@^6.0.2, postcss-selector-parser@^6.0.4:
    version "6.0.4"
    resolved "https://registry.yarnpkg.com/postcss-selector-parser/-/postcss-selector-parser-6.0.4.tgz"
    integrity sha512-gjMeXBempyInaBqpp8gODmwZ52WaYsVOsfr4L4lDQ7n3ncD6mEyySiDtgzCT+NYC0mmeOLvtsF8iaEf0YT6dBw==
    dependencies:
      cssesc "^3.0.0"
      indexes-of "^1.0.1"
      uniq "^1.0.1"
      util-deprecate "^1.0.2"
  
  postcss-value-parser@^3.3.0:
    version "3.3.1"
    resolved "https://registry.npmjs.org/postcss-value-parser/-/postcss-value-parser-3.3.1.tgz"
    integrity sha512-pISE66AbVkp4fDQ7VHBwRNXzAAKJjw4Vw7nWI/+Q3vuly7SNfgYXvm6i5IgFylHGK5sP/xHAbB7N49OS4gWNyQ==
  
  postcss-value-parser@^4.1.0:
    version "4.1.0"
    resolved "https://registry.yarnpkg.com/postcss-value-parser/-/postcss-value-parser-4.1.0.tgz"
    integrity sha512-97DXOFbQJhk71ne5/Mt6cOu6yxsSfM0QGQyl0L25Gca4yGWEGJaig7l7gbCX623VqTBNGLRLaVUCnNkcedlRSQ==
  
  postcss@^6.0.9:
    version "6.0.23"
    resolved "https://registry.npmjs.org/postcss/-/postcss-6.0.23.tgz"
    integrity sha512-soOk1h6J3VMTZtVeVpv15/Hpdl2cBLX3CAw4TAbkpTJiNPk9YP/zWcD1ND+xEtvyuuvKzbxliTOIyvkSeSJ6ag==
    dependencies:
      chalk "^2.4.1"
      source-map "^0.6.1"
      supports-color "^5.4.0"
  
  postcss@^8.1.10, postcss@^8.1.6, postcss@^8.2.1, postcss@^8.2.9:
    version "8.2.9"
    resolved "https://registry.yarnpkg.com/postcss/-/postcss-8.2.9.tgz"
    integrity sha512-b+TmuIL4jGtCHtoLi+G/PisuIl9avxs8IZMSmlABRwNz5RLUUACrC+ws81dcomz1nRezm5YPdXiMEzBEKgYn+Q==
    dependencies:
      colorette "^1.2.2"
      nanoid "^3.1.22"
      source-map "^0.6.1"
  
  pretty-hrtime@^1.0.3:
    version "1.0.3"
    resolved "https://registry.npmjs.org/pretty-hrtime/-/pretty-hrtime-1.0.3.tgz"
    integrity sha1-t+PqQkNaTJsnWdmeDyAesZWALuE=
  
  process-nextick-args@~2.0.0:
    version "2.0.1"
    resolved "https://registry.yarnpkg.com/process-nextick-args/-/process-nextick-args-2.0.1.tgz"
    integrity sha512-3ouUOpQhtgrbOa17J7+uxOTpITYWaGP7/AhoR3+A+/1e9skrzelGi/dXzEYyvbxubEF6Wn2ypscTKiKJFFn1ag==
  
  purgecss@^3.1.3:
    version "3.1.3"
    resolved "https://registry.npmjs.org/purgecss/-/purgecss-3.1.3.tgz"
    integrity sha512-hRSLN9mguJ2lzlIQtW4qmPS2kh6oMnA9RxdIYK8sz18QYqd6ePp4GNDl18oWHA1f2v2NEQIh51CO8s/E3YGckQ==
    dependencies:
      commander "^6.0.0"
      glob "^7.0.0"
      postcss "^8.2.1"
      postcss-selector-parser "^6.0.2"
  
  readable-stream@^2.0.2, readable-stream@~2.3.6:
    version "2.3.7"
    resolved "https://registry.yarnpkg.com/readable-stream/-/readable-stream-2.3.7.tgz"
    integrity sha512-Ebho8K4jIbHAxnuxi7o42OrZgF/ZTNcsZj6nRKyUmkhLFq8CHItp/fy6hQZuZmP/n3yZ9VBUbp4zz/mX8hmYPw==
    dependencies:
      core-util-is "~1.0.0"
      inherits "~2.0.3"
      isarray "~1.0.0"
      process-nextick-args "~2.0.0"
      safe-buffer "~5.1.1"
      string_decoder "~1.1.1"
      util-deprecate "~1.0.1"
  
  reduce-css-calc@^2.1.8:
    version "2.1.8"
    resolved "https://registry.npmjs.org/reduce-css-calc/-/reduce-css-calc-2.1.8.tgz"
    integrity sha512-8liAVezDmUcH+tdzoEGrhfbGcP7nOV4NkGE3a74+qqvE7nt9i4sKLGBuZNOnpI4WiGksiNPklZxva80061QiPg==
    dependencies:
      css-unit-converter "^1.1.1"
      postcss-value-parser "^3.3.0"
  
  resolve@^1.19.0, resolve@^1.20.0:
    version "1.20.0"
    resolved "https://registry.yarnpkg.com/resolve/-/resolve-1.20.0.tgz"
    integrity sha512-wENBPt4ySzg4ybFQW2TT1zMQucPK95HSh/nq2CFTZVOGut2+pQvSsgtda4d26YrYcr067wjbmzOG8byDPBX63A==
    dependencies:
      is-core-module "^2.2.0"
      path-parse "^1.0.6"
  
  rimraf@2:
    version "2.7.1"
    resolved "https://registry.yarnpkg.com/rimraf/-/rimraf-2.7.1.tgz"
    integrity sha512-uWjbaKIK3T1OSVptzX7Nl6PvQ3qAGtKEtVRjRuazjfL3Bx5eI409VZSqgND+4UNnmzLVdPj9FqFJNPqBZFve4w==
    dependencies:
      glob "^7.1.3"
  
  rollup@^2.38.5:
    version "2.44.0"
    resolved "https://registry.yarnpkg.com/rollup/-/rollup-2.44.0.tgz"
    integrity sha512-rGSF4pLwvuaH/x4nAS+zP6UNn5YUDWf/TeEU5IoXSZKBbKRNTCI3qMnYXKZgrC0D2KzS2baiOZt1OlqhMu5rnQ==
    optionalDependencies:
      fsevents "~2.3.1"
  
  safe-buffer@~5.1.0, safe-buffer@~5.1.1:
    version "5.1.2"
    resolved "https://registry.yarnpkg.com/safe-buffer/-/safe-buffer-5.1.2.tgz"
    integrity sha512-Gd2UZBJDkXlY7GbJxfsE8/nvKkUEU1G38c1siN6QP6a9PT9MmHB8GnpscSmMJSoF8LOIrt8ud/wPtojys4G6+g==
  
  setimmediate@~1.0.4:
    version "1.0.5"
    resolved "https://registry.yarnpkg.com/setimmediate/-/setimmediate-1.0.5.tgz"
    integrity sha1-KQy7Iy4waULX1+qbg3Mqt4VvgoU=
  
  simple-swizzle@^0.2.2:
    version "0.2.2"
    resolved "https://registry.npmjs.org/simple-swizzle/-/simple-swizzle-0.2.2.tgz"
    integrity sha1-pNprY1/8zMoz9w0Xy5JZLeleVXo=
    dependencies:
      is-arrayish "^0.3.1"
  
  source-map@^0.6.1:
    version "0.6.1"
    resolved "https://registry.yarnpkg.com/source-map/-/source-map-0.6.1.tgz"
    integrity sha512-UjgapumWlbMhkBgzT7Ykc5YXUT46F0iKu8SGXq0bcwP5dz/h0Plj6enJqjz1Zbq2l5WaqYnrVbwWOWMyF3F47g==
  
  sourcemap-codec@^1.4.4:
    version "1.4.8"
    resolved "https://registry.yarnpkg.com/sourcemap-codec/-/sourcemap-codec-1.4.8.tgz"
    integrity sha512-9NykojV5Uih4lgo5So5dtw+f0JgJX30KCNI8gwhz2J9A15wD0Ml6tjHKwf6fTSa6fAdVBdZeNOs9eJ71qCk8vA==
  
  string-hash@^1.1.1:
    version "1.1.3"
    resolved "https://registry.yarnpkg.com/string-hash/-/string-hash-1.1.3.tgz"
    integrity sha1-6Kr8CsGFW0Zmkp7X3RJ1311sgRs=
  
  string_decoder@~1.1.1:
    version "1.1.1"
    resolved "https://registry.yarnpkg.com/string_decoder/-/string_decoder-1.1.1.tgz"
    integrity sha512-n/ShnvDi6FHbbVfviro+WojiFzv+s8MPMHBczVePfUpDJLwoLT0ht1l4YwBCbi8pJAveEEdnkHyPyTP/mzRfwg==
    dependencies:
      safe-buffer "~5.1.0"
  
  supports-color@^5.3.0, supports-color@^5.4.0:
    version "5.5.0"
    resolved "https://registry.npmjs.org/supports-color/-/supports-color-5.5.0.tgz"
    integrity sha512-QjVjwdXIt408MIiAqCX4oUKsgU2EqAGzs2Ppkm4aQYbjm+ZEWEcW4SfFNTr4uMNZma0ey4f5lgLrkB0aX0QMow==
    dependencies:
      has-flag "^3.0.0"
  
  supports-color@^7.1.0:
    version "7.2.0"
    resolved "https://registry.npmjs.org/supports-color/-/supports-color-7.2.0.tgz"
    integrity sha512-qpCAvRl9stuOHveKsn7HncJRvv501qIacKzQlO/+Lwxc9+0q2wLyv4Dfvt80/DPn2pqOBsJdDiogXGR9+OvwRw==
    dependencies:
      has-flag "^4.0.0"
  
  tailwindcss@^2.0.4:
    version "2.0.4"
    resolved "https://registry.npmjs.org/tailwindcss/-/tailwindcss-2.0.4.tgz"
    integrity sha512-WhgR0oiBxGOZ9jY0yVfaJCHnckR7U74Fs/BMsYxGdwGJQ5Hd/HlaKD26bEJFZOvYScJo0QcUj2ImldzedsG7Bw==
    dependencies:
      "@fullhuman/postcss-purgecss" "^3.1.3"
      bytes "^3.0.0"
      chalk "^4.1.0"
      color "^3.1.3"
      detective "^5.2.0"
      didyoumean "^1.2.1"
      fs-extra "^9.1.0"
      html-tags "^3.1.0"
      lodash "^4.17.21"
      modern-normalize "^1.0.0"
      node-emoji "^1.8.1"
      object-hash "^2.1.1"
      postcss-functions "^3"
      postcss-js "^3.0.3"
      postcss-nested "^5.0.5"
      postcss-selector-parser "^6.0.4"
      postcss-value-parser "^4.1.0"
      pretty-hrtime "^1.0.3"
      reduce-css-calc "^2.1.8"
      resolve "^1.20.0"
  
  to-fast-properties@^2.0.0:
    version "2.0.0"
    resolved "https://registry.yarnpkg.com/to-fast-properties/-/to-fast-properties-2.0.0.tgz"
    integrity sha1-3F5pjL0HkmW8c+A3doGk5Og/YW4=
  
  "traverse@>=0.3.0 <0.4":
    version "0.3.9"
    resolved "https://registry.yarnpkg.com/traverse/-/traverse-0.3.9.tgz"
    integrity sha1-cXuPIgzAu3tE5AUUwisui7xw2Lk=
  
  typescript@^4.1.3:
    version "4.2.3"
    resolved "https://registry.yarnpkg.com/typescript/-/typescript-4.2.3.tgz"
    integrity sha512-qOcYwxaByStAWrBf4x0fibwZvMRG+r4cQoTjbPtUlrWjBHbmCAww1i448U0GJ+3cNNEtebDteo/cHOR3xJ4wEw==
  
  uniq@^1.0.1:
    version "1.0.1"
    resolved "https://registry.yarnpkg.com/uniq/-/uniq-1.0.1.tgz"
    integrity sha1-sxxa6CVIRKOoKBVBzisEuGWnNP8=
  
  universalify@^2.0.0:
    version "2.0.0"
    resolved "https://registry.npmjs.org/universalify/-/universalify-2.0.0.tgz"
    integrity sha512-hAZsKq7Yy11Zu1DE0OzWjw7nnLZmJZYTDZZyEFHZdUhV8FkH5MCfoU1XMaxXovpyW5nq5scPqq0ZDP9Zyl04oQ==
  
  unzipper@0.10.11:
    version "0.10.11"
    resolved "https://registry.yarnpkg.com/unzipper/-/unzipper-0.10.11.tgz"
    integrity sha512-+BrAq2oFqWod5IESRjL3S8baohbevGcVA+teAIOYWM3pDVdseogqbzhhvvmiyQrUNKFUnDMtELW3X8ykbyDCJw==
    dependencies:
      big-integer "^1.6.17"
      binary "~0.3.0"
      bluebird "~3.4.1"
      buffer-indexof-polyfill "~1.0.0"
      duplexer2 "~0.1.4"
      fstream "^1.0.12"
      graceful-fs "^4.2.2"
      listenercount "~1.0.1"
      readable-stream "~2.3.6"
      setimmediate "~1.0.4"
  
  util-deprecate@^1.0.2, util-deprecate@~1.0.1:
    version "1.0.2"
    resolved "https://registry.yarnpkg.com/util-deprecate/-/util-deprecate-1.0.2.tgz"
    integrity sha1-RQ1Nyfpw3nMnYvvS1KKJgUGaDM8=
  
  vite@^2.1.5:
    version "2.1.5"
    resolved "https://registry.yarnpkg.com/vite/-/vite-2.1.5.tgz"
    integrity sha512-tYU5iaYeUgQYvK/CNNz3tiJ8vYqPWfCE9IQ7K0iuzYovWw7lzty7KRYGWwV3CQPh0NKxWjOczAqiJsCL0Xb+Og==
    dependencies:
      esbuild "^0.9.3"
      postcss "^8.2.1"
      resolve "^1.19.0"
      rollup "^2.38.5"
    optionalDependencies:
      fsevents "~2.3.1"
  
  vue-router@^4.0.3:
    version "4.0.5"
    resolved "https://registry.yarnpkg.com/vue-router/-/vue-router-4.0.5.tgz#dd0a4134bc950c37aef64b973e9ee1008428d8fa"
    integrity sha512-AQq+pllb6FCc7rS6vh4PPcce3XA1jgK3hKNkQ4hXHwoVN7jOeAOMKCnX7XAX3etV9rmN7iNW8iIwgPk95ckBjw==
  
  vue-tsc@^0.0.15:
    version "0.0.15"
    resolved "https://registry.yarnpkg.com/vue-tsc/-/vue-tsc-0.0.15.tgz"
    integrity sha512-l7My4ubz11yoOwnxmgfqDV1DH0VgdkDm+AxrTAIAljsG7JrKkJ++AbhmxjzF2viMJvGbKN0rH+0+ErIkatK3oA==
    dependencies:
      unzipper "0.10.11"
  
  vue@^3.0.5:
    version "3.0.10"
    resolved "https://registry.yarnpkg.com/vue/-/vue-3.0.10.tgz"
    integrity sha512-6arZ722uqIArSNUU94aqx0Pq0IMHFqYZuJ+U+q9HGdZZu11VFpyFP/L/hakijGFKp56Jr0yxJdWbDiJGWPxwww==
    dependencies:
      "@vue/compiler-dom" "3.0.10"
      "@vue/runtime-dom" "3.0.10"
      "@vue/shared" "3.0.10"
  
  wrappy@1:
    version "1.0.2"
    resolved "https://registry.yarnpkg.com/wrappy/-/wrappy-1.0.2.tgz"
    integrity sha1-tSQ9jz7BqjXxNkYFvA0QNuMKtp8=
  
  xtend@^4.0.2:
    version "4.0.2"
    resolved "https://registry.npmjs.org/xtend/-/xtend-4.0.2.tgz"
    integrity sha512-LKYU1iAXJXUgAXn9URjiu+MWhyUXHsvfp7mcuYm9dSUKK0/CjtrUwFAxD82/mCWbtLsGjFIad0wIsod4zrTAEQ==
  
  yallist@^3.0.2:
    version "3.1.1"
    resolved "https://registry.yarnpkg.com/yallist/-/yallist-3.1.1.tgz"
    integrity sha512-a4UGQaWPH59mOXUYnAG2ewncQS4i4F43Tv3JoAM+s2VDAmS9NsK8GpDMLrCHPksFT7h3K6TOoUNn2pb7RoXx4g==
